<?xml version="1.0" encoding="UTF-8"?>
<!-- Generated by org.testng.reporters.JUnitXMLReporter -->
<testsuite ignored="0" hostname="LAPTOP-BIM2FR3V" failures="0" tests="4" name="Test" time="63.059" errors="0" timestamp="2024-12-26T04:26:58 IST">
  <testcase classname="scenarios.DynDataHand" name="switchwin" time="34.815"/>
  <testcase classname="scenarios.SwitchingWindows" name="switchwin" time="7.994"/>
  <testcase classname="scenarios.DatePicker" name="selDate" time="9.502"/>
  <testcase classname="scenarios.dragAndDrop" name="dragdrp" time="10.673"/>
</testsuite> <!-- Test -->
