<?xml version="1.0" encoding="UTF-8"?>
<!-- Generated by org.testng.reporters.JUnitXMLReporter -->
<testsuite ignored="0" hostname="LAPTOP-BIM2FR3V" failures="0" tests="4" name="Test" time="66.693" errors="0" timestamp="2024-12-27T04:43:56 IST">
  <testcase classname="scenarios.DynDataHand" name="switchwin" time="35.089"/>
  <testcase classname="scenarios.SwitchingWindows" name="switchwin" time="8.762"/>
  <testcase classname="scenarios.DatePicker" name="selDate" time="13.948"/>
  <testcase classname="scenarios.dragAndDrop" name="dragdrp" time="8.829"/>
</testsuite> <!-- Test -->
