<?xml version="1.0" encoding="UTF-8"?>
<testsuite xmlns:xsi="http://www.w3.org/2001/XMLSchema-instance" xsi:noNamespaceSchemaLocation="https://maven.apache.org/surefire/maven-surefire-plugin/xsd/surefire-test-report.xsd" version="3.0.1" name="TestSuite" time="67.516" tests="4" errors="0" skipped="0" failures="0">
  <properties>
[...]
</properties>
  <testcase name="switchwin" classname="scenarios.DynDataHand" time="35.094">
    <system-out><![CDATA[What is 2 + 5
2	5
7
What is 7 + 4
7	4
11
What is 9 + 9
9	9
18
What is 4 + 8
4	8
12
What is 9 + 7
9	7
16
]]></system-out>
    <system-err><![CDATA[SLF4J: Failed to load class "org.slf4j.impl.StaticLoggerBinder".
SLF4J: Defaulting to no-operation (NOP) logger implementation
SLF4J: See http://www.slf4j.org/codes.html#StaticLoggerBinder for further details.
]]></system-err>
  </testcase>
  <testcase name="switchwin" classname="scenarios.SwitchingWindows" time="8.763">
    <system-out><![CDATA[Total windows -- 2
Window ID1=4222733C4A02267569D13FCE34E31954
Window ID2=9524596BF5276E20A8B6CD52CAA7A21B
Window1 title-W3Schools Tryit Editor
Window2 title- W3Schools Online Web Tutorials
true
Passed
]]></system-out>
  </testcase>
  <testcase name="selDate" classname="scenarios.DatePicker" time="13.949">
    <system-out><![CDATA[Month=December	Year=2024
Month=January	Year=2025
Month=February	Year=2025
Month=March	Year=2025
Month=April	Year=2025
Month=May	Year=2025
Month=June	Year=2025
Month=July	Year=2025
Month=August	Year=2025
Month=September	Year=2025
Month=October	Year=2025
Month=November	Year=2025
Month=December	Year=2025
Month=January	Year=2026
Month=February	Year=2026
Month=March	Year=2026
Month=April	Year=2026
Month=May	Year=2026
Month=June	Year=2026
Month=July	Year=2026
Month=August	Year=2026
]]></system-out>
  </testcase>
  <testcase name="dragdrp" classname="scenarios.dragAndDrop" time="8.829"/>
</testsuite>