<?xml version="1.0" encoding="UTF-8"?>
<testng-results ignored="0" total="4" passed="4" failed="0" skipped="0">
  <reporter-output>
  </reporter-output>
  <suite started-at="2024-12-27T04:42:50 IST" name="Suite" finished-at="2024-12-27T04:43:56 IST" duration-ms="66693">
    <groups>
    </groups>
    <test started-at="2024-12-27T04:42:50 IST" name="Test" finished-at="2024-12-27T04:43:56 IST" duration-ms="66693">
      <class name="scenarios.dragAndDrop">
        <test-method signature="dragdrp()[pri:0, instance:scenarios.dragAndDrop@3d51f06e]" started-at="2024-12-27T04:43:48 IST" name="dragdrp" finished-at="2024-12-27T04:43:56 IST" duration-ms="8829" status="PASS">
          <reporter-output>
          </reporter-output>
        </test-method> <!-- dragdrp -->
      </class> <!-- scenarios.dragAndDrop -->
      <class name="scenarios.DatePicker">
        <test-method signature="selDate()[pri:0, instance:scenarios.DatePicker@481a996b]" started-at="2024-12-27T04:43:34 IST" name="selDate" finished-at="2024-12-27T04:43:48 IST" duration-ms="13948" status="PASS">
          <reporter-output>
          </reporter-output>
        </test-method> <!-- selDate -->
      </class> <!-- scenarios.DatePicker -->
      <class name="scenarios.SwitchingWindows">
        <test-method signature="switchwin()[pri:0, instance:scenarios.SwitchingWindows@27ce24aa]" started-at="2024-12-27T04:43:25 IST" name="switchwin" finished-at="2024-12-27T04:43:34 IST" duration-ms="8762" status="PASS">
          <reporter-output>
          </reporter-output>
        </test-method> <!-- switchwin -->
      </class> <!-- scenarios.SwitchingWindows -->
      <class name="scenarios.DynDataHand">
        <test-method signature="switchwin()[pri:0, instance:scenarios.DynDataHand@4f209819]" started-at="2024-12-27T04:42:50 IST" name="switchwin" finished-at="2024-12-27T04:43:25 IST" duration-ms="35089" status="PASS">
          <reporter-output>
          </reporter-output>
        </test-method> <!-- switchwin -->
      </class> <!-- scenarios.DynDataHand -->
    </test> <!-- Test -->
  </suite> <!-- Suite -->
</testng-results>
