<?xml version="1.0" encoding="UTF-8"?>
<testng-results ignored="0" total="4" passed="4" failed="0" skipped="0">
  <reporter-output>
  </reporter-output>
  <suite started-at="2024-12-26T04:25:55 IST" name="Suite" finished-at="2024-12-26T04:26:58 IST" duration-ms="63059">
    <groups>
    </groups>
    <test started-at="2024-12-26T04:25:55 IST" name="Test" finished-at="2024-12-26T04:26:58 IST" duration-ms="63059">
      <class name="scenarios.dragAndDrop">
        <test-method signature="dragdrp()[pri:0, instance:scenarios.dragAndDrop@4f83df68]" started-at="2024-12-26T04:26:47 IST" name="dragdrp" finished-at="2024-12-26T04:26:58 IST" duration-ms="10673" status="PASS">
          <reporter-output>
          </reporter-output>
        </test-method> <!-- dragdrp -->
      </class> <!-- scenarios.dragAndDrop -->
      <class name="scenarios.DatePicker">
        <test-method signature="selDate()[pri:0, instance:scenarios.DatePicker@55183b20]" started-at="2024-12-26T04:26:37 IST" name="selDate" finished-at="2024-12-26T04:26:47 IST" duration-ms="9502" status="PASS">
          <reporter-output>
          </reporter-output>
        </test-method> <!-- selDate -->
      </class> <!-- scenarios.DatePicker -->
      <class name="scenarios.SwitchingWindows">
        <test-method signature="switchwin()[pri:0, instance:scenarios.SwitchingWindows@1bd4fdd]" started-at="2024-12-26T04:26:29 IST" name="switchwin" finished-at="2024-12-26T04:26:37 IST" duration-ms="7994" status="PASS">
          <reporter-output>
          </reporter-output>
        </test-method> <!-- switchwin -->
      </class> <!-- scenarios.SwitchingWindows -->
      <class name="scenarios.DynDataHand">
        <test-method signature="switchwin()[pri:0, instance:scenarios.DynDataHand@77fbd92c]" started-at="2024-12-26T04:25:55 IST" name="switchwin" finished-at="2024-12-26T04:26:29 IST" duration-ms="34815" status="PASS">
          <reporter-output>
          </reporter-output>
        </test-method> <!-- switchwin -->
      </class> <!-- scenarios.DynDataHand -->
    </test> <!-- Test -->
  </suite> <!-- Suite -->
</testng-results>
